\BOOKMARK [0][-]{chapter.1}{Deep Ground Truth Analysis of Current Android Malware}{}% 1
\BOOKMARK [1][-]{section.1.1}{Introduction}{chapter.1}% 2
\BOOKMARK [1][-]{section.1.2}{Methodology}{chapter.1}% 3
\BOOKMARK [2][-]{subsection.1.2.1}{Identifying Malware Families}{section.1.2}% 4
\BOOKMARK [3][-]{section*.3}{Challenge}{subsection.1.2.1}% 5
\BOOKMARK [3][-]{section*.4}{Solution}{subsection.1.2.1}% 6
\BOOKMARK [3][-]{section*.6}{Discussion}{subsection.1.2.1}% 7
\BOOKMARK [2][-]{subsection.1.2.2}{Identifying Malware Behavior Groups \205 Varieties}{section.1.2}% 8
\BOOKMARK [2][-]{subsection.1.2.3}{Manual Analysis}{section.1.2}% 9
\BOOKMARK [3][-]{section*.7}{Challenges}{subsection.1.2.3}% 10
\BOOKMARK [3][-]{section*.8}{Assistance Tools}{subsection.1.2.3}% 11
\BOOKMARK [3][-]{section*.9}{The Overall Strategy of Manual Analysis}{subsection.1.2.3}% 12
\BOOKMARK [3][-]{section*.10}{Handling Anti-analysis/Obfuscation}{subsection.1.2.3}% 13
\BOOKMARK [3][-]{section*.11}{Handling Missing Contents}{subsection.1.2.3}% 14
\BOOKMARK [3][-]{section*.12}{Discussion}{subsection.1.2.3}% 15
\BOOKMARK [1][-]{section.1.3}{Android Malware Profiling}{chapter.1}% 16
\BOOKMARK [2][-]{subsection.1.3.1}{Malware Dataset Overview}{section.1.3}% 17
\BOOKMARK [2][-]{subsection.1.3.2}{Malware Behaviors}{section.1.3}% 18
\BOOKMARK [3][-]{section*.15}{Composition}{subsection.1.3.2}% 19
\BOOKMARK [3][-]{section*.16}{Installation}{subsection.1.3.2}% 20
\BOOKMARK [3][-]{section*.17}{Activation}{subsection.1.3.2}% 21
\BOOKMARK [3][-]{section*.18}{Information Stealing}{subsection.1.3.2}% 22
\BOOKMARK [3][-]{section*.19}{Persistence}{subsection.1.3.2}% 23
\BOOKMARK [3][-]{section*.20}{Privilege Escalation}{subsection.1.3.2}% 24
\BOOKMARK [3][-]{section*.21}{Command and Control \(C\046C\)}{subsection.1.3.2}% 25
\BOOKMARK [3][-]{section*.22}{Anti-analysis Techniques}{subsection.1.3.2}% 26
\BOOKMARK [2][-]{subsection.1.3.3}{Monetization}{section.1.3}% 27
\BOOKMARK [3][-]{section*.25}{Premium Service Subscription}{subsection.1.3.3}% 28
\BOOKMARK [3][-]{figure.caption.27}{Banking Trojan}{subsection.1.3.3}% 29
\BOOKMARK [3][-]{section*.28}{Ransom}{subsection.1.3.3}% 30
\BOOKMARK [3][-]{section*.29}{Aggressive Advertising}{subsection.1.3.3}% 31
\BOOKMARK [1][-]{section.1.4}{Evolution}{chapter.1}% 32
\BOOKMARK [1][-]{section.1.5}{Related Work}{chapter.1}% 33
\BOOKMARK [1][-]{section.1.6}{Conclusion}{chapter.1}% 34
\BOOKMARK [1][-]{section.1.7}{Acknowledgment}{chapter.1}% 35
