This is pdfTeX, Version 3.14159265-2.6-1.40.20 (TeX Live 2019) (preloaded format=pdflatex 2019.5.8)  29 DEC 2020 15:29
entering extended mode
 restricted \write18 enabled.
 %&-line parsing enabled.
**ws-rv9x6.tex
(./ws-rv9x6.tex
LaTeX2e <2018-12-01>
(./ws-rv9x6.cls
Document Class: ws-rv9x6 2015/04/20 v2r Standard LaTeX document class
\typeheight=\dimen102
\typewidth=\dimen103
\normaltextheight=\dimen104
\normaltextwidth=\dimen105
\tablewidth=\dimen106
\tempdimen=\dimen107
\tablewd=\dimen108
\tempbox=\box27
\minute=\count80
\hour=\count81
\title=\toks14
\@cnumwidth=\dimen109
\c@part=\count82
\c@chapter=\count83
\c@schapter=\count84
\c@section=\count85
\c@subsection=\count86
\c@subsubsection=\count87
\c@paragraph=\count88
\c@subparagraph=\count89
\abovecaptionskip=\skip41
\belowcaptionskip=\skip42
\wscaptionbox=\box28
\c@figure=\count90
\c@minifig=\count91
\c@table=\count92
\tabledim=\dimen110
\c@appendix=\count93
\c@ptitl=\count94
(/usr/local/texlive/2019/texmf-dist/tex/latex/graphics/rotating.sty
Package: rotating 2016/08/11 v2.16d rotated objects in LaTeX

(/usr/local/texlive/2019/texmf-dist/tex/latex/graphics/graphicx.sty
Package: graphicx 2017/06/01 v1.1a Enhanced LaTeX Graphics (DPC,SPQR)

(/usr/local/texlive/2019/texmf-dist/tex/latex/graphics/keyval.sty
Package: keyval 2014/10/28 v1.15 key=value parser (DPC)
\KV@toks@=\toks15
)
(/usr/local/texlive/2019/texmf-dist/tex/latex/graphics/graphics.sty
Package: graphics 2017/06/25 v1.2c Standard LaTeX Graphics (DPC,SPQR)

(/usr/local/texlive/2019/texmf-dist/tex/latex/graphics/trig.sty
Package: trig 2016/01/03 v1.10 sin cos tan (DPC)
)
(/usr/local/texlive/2019/texmf-dist/tex/latex/graphics-cfg/graphics.cfg
File: graphics.cfg 2016/06/04 v1.11 sample graphics configuration
)
Package graphics Info: Driver file: pdftex.def on input line 99.

(/usr/local/texlive/2019/texmf-dist/tex/latex/graphics-def/pdftex.def
File: pdftex.def 2018/01/08 v1.0l Graphics/color driver for pdftex
))
\Gin@req@height=\dimen111
\Gin@req@width=\dimen112
)
(/usr/local/texlive/2019/texmf-dist/tex/latex/base/ifthen.sty
Package: ifthen 2014/09/29 v1.1c Standard LaTeX ifthen package (DPC)
)
\c@r@tfl@t=\count95
\rotFPtop=\skip43
\rotFPbot=\skip44
\rot@float@box=\box29
\rot@mess@toks=\toks16
)
(/usr/local/texlive/2019/texmf-dist/tex/latex/amsfonts/amsfonts.sty
Package: amsfonts 2013/01/14 v3.01 Basic AMSFonts support
\@emptytoks=\toks17
\symAMSa=\mathgroup4
\symAMSb=\mathgroup5
LaTeX Font Info:    Overwriting math alphabet `\mathfrak' in version `bold'
(Font)                  U/euf/m/n --> U/euf/b/n on input line 106.
)
(/usr/local/texlive/2019/texmf-dist/tex/latex/amsfonts/amssymb.sty
Package: amssymb 2013/01/14 v3.01 AMS font symbols
)
(/usr/local/texlive/2019/texmf-dist/tex/latex/amsmath/amsmath.sty
Package: amsmath 2018/12/01 v2.17b AMS math features
\@mathmargin=\skip45

For additional information on amsmath, use the `?' option.
(/usr/local/texlive/2019/texmf-dist/tex/latex/amsmath/amstext.sty
Package: amstext 2000/06/29 v2.01 AMS text

(/usr/local/texlive/2019/texmf-dist/tex/latex/amsmath/amsgen.sty
File: amsgen.sty 1999/11/30 v2.0 generic functions
\@emptytoks=\toks18
\ex@=\dimen113
))
(/usr/local/texlive/2019/texmf-dist/tex/latex/amsmath/amsbsy.sty
Package: amsbsy 1999/11/29 v1.2d Bold Symbols
\pmbraise@=\dimen114
)
(/usr/local/texlive/2019/texmf-dist/tex/latex/amsmath/amsopn.sty
Package: amsopn 2016/03/08 v2.02 operator names
)
\inf@bad=\count96
LaTeX Info: Redefining \frac on input line 223.
\uproot@=\count97
\leftroot@=\count98
LaTeX Info: Redefining \overline on input line 385.
\classnum@=\count99
\DOTSCASE@=\count100
LaTeX Info: Redefining \ldots on input line 482.
LaTeX Info: Redefining \dots on input line 485.
LaTeX Info: Redefining \cdots on input line 606.
\Mathstrutbox@=\box30
\strutbox@=\box31
\big@size=\dimen115
LaTeX Font Info:    Redeclaring font encoding OML on input line 729.
LaTeX Font Info:    Redeclaring font encoding OMS on input line 730.
\macc@depth=\count101
\c@MaxMatrixCols=\count102
\dotsspace@=\muskip10
\c@parentequation=\count103
\dspbrk@lvl=\count104
\tag@help=\toks19
\row@=\count105
\column@=\count106
\maxfields@=\count107
\andhelp@=\toks20
\eqnshift@=\dimen116
\alignsep@=\dimen117
\tagshift@=\dimen118
\tagwidth@=\dimen119
\totwidth@=\dimen120
\lineht@=\dimen121
\@envbody=\toks21
\multlinegap=\skip46
\multlinetaggap=\skip47
\mathdisplay@stack=\toks22
LaTeX Info: Redefining \[ on input line 2844.
LaTeX Info: Redefining \] on input line 2845.
)
(/usr/local/texlive/2019/texmf-dist/tex/latex/boxedminipage/boxedminipage.sty)
(/usr/local/texlive/2019/texmf-dist/tex/latex/base/makeidx.sty
Package: makeidx 2014/09/29 v1.0m Standard LaTeX package
)
(/usr/local/texlive/2019/texmf-dist/tex/latex/tools/multicol.sty
Package: multicol 2018/12/27 v1.8v multicolumn formatting (FMi)
\c@tracingmulticols=\count108
\mult@box=\box32
\multicol@leftmargin=\dimen122
\c@unbalance=\count109
\c@collectmore=\count110
\doublecol@number=\count111
\multicoltolerance=\count112
\multicolpretolerance=\count113
\full@width=\dimen123
\page@free=\dimen124
\premulticols=\dimen125
\postmulticols=\dimen126
\multicolsep=\skip48
\multicolbaselineskip=\skip49
\partial@page=\box33
\last@line=\box34
\maxbalancingoverflow=\dimen127
\mult@rightbox=\box35
\mult@grightbox=\box36
\mult@gfirstbox=\box37
\mult@firstbox=\box38
\@tempa=\box39
\@tempa=\box40
\@tempa=\box41
\@tempa=\box42
\@tempa=\box43
\@tempa=\box44
\@tempa=\box45
\@tempa=\box46
\@tempa=\box47
\@tempa=\box48
\@tempa=\box49
\@tempa=\box50
\@tempa=\box51
\@tempa=\box52
\@tempa=\box53
\@tempa=\box54
\@tempa=\box55
\c@columnbadness=\count114
\c@finalcolumnbadness=\count115
\last@try=\dimen128
\multicolovershoot=\dimen129
\multicolundershoot=\dimen130
\mult@nat@firstbox=\box56
\colbreak@box=\box57
\mc@col@check@num=\count116
)
(./ws-crop9x6.sty
Package: ws-crop9x6 2014/04/21 WSPC Crop 9x6
 (/usr/local/texlive/2019/texmf-dist/tex/latex/crop/crop.sty
Package: crop 2003/05/20 v1.9 crop marks (mf)
\stockwidth=\dimen131
\stockheight=\dimen132
\CROP@index=\count117

(/usr/local/texlive/2019/texmf-dist/tex/latex/graphics/color.sty
Package: color 2016/07/10 v1.1e Standard LaTeX Color (DPC)

(/usr/local/texlive/2019/texmf-dist/tex/latex/graphics-cfg/color.cfg
File: color.cfg 2016/01/02 v1.6 sample color configuration
)
Package color Info: Driver file: pdftex.def on input line 147.
)
\CROP@offset=\count118
Package crop Info: Local config file crop.cfg used on input line 605.

(/usr/local/texlive/2019/texmf-dist/tex/xelatex/xetexconfig/crop.cfg))
\minute=\count119
\hour=\count120
\projecttitle=\toks23
\classtitle=\toks24
)
(/usr/local/texlive/2019/texmf-dist/tex/latex/url/url.sty
\Urlmuskip=\muskip11
Package: url 2013/09/16  ver 3.4  Verb mode for urls, etc.
))
(/usr/local/texlive/2019/texmf-dist/tex/latex/subfigure/subfigure.sty
Package: subfigure 2002/03/15 v2.1.5 subfigure package
\subfigtopskip=\skip50
\subfigcapskip=\skip51
\subfigcaptopadj=\dimen133
\subfigbottomskip=\skip52
\subfigcapmargin=\dimen134
\subfiglabelskip=\skip53
\c@subfigure=\count121
\c@lofdepth=\count122
\c@subtable=\count123
\c@lotdepth=\count124

****************************************
* Local config file subfigure.cfg used *
****************************************
(/usr/local/texlive/2019/texmf-dist/tex/latex/subfigure/subfigure.cfg)
\subfig@top=\skip54
\subfig@bottom=\skip55
)
(./ws-rv-thm.sty
Package: ws-rv-thm 2014/01/20 WSPC Theorem Style
\c@theorem=\count125
\c@algorithm=\count126
\c@assertion=\count127
\c@assumption=\count128
\c@claim=\count129
\c@conjecture=\count130
\c@convention=\count131
\c@corollary=\count132
\c@criterion=\count133
\c@definition=\count134
\c@example=\count135
\c@lemma=\count136
\c@notation=\count137
\c@observation=\count138
\c@problem=\count139
\c@prop=\count140
\c@proposition=\count141
\c@question=\count142
\c@remark=\count143
) (./ws-rv-van.sty
(/usr/local/texlive/2019/texmf-dist/tex/latex/cite/cite.sty
LaTeX Info: Redefining \cite on input line 302.
LaTeX Info: Redefining \nocite on input line 332.
Package: cite 2015/02/27  v 5.5
LaTeX Info: Redefining \cite on input line 441.
))
\@indexfile=\write3
\openout3 = `ws-rv9x6.idx'.


Writing index file ws-rv9x6.idx
No file ws-rv9x6.aux.
\openout1 = `ws-rv9x6.aux'.

LaTeX Font Info:    Checking defaults for OML/cmm/m/it on input line 20.
LaTeX Font Info:    ... okay on input line 20.
LaTeX Font Info:    Checking defaults for T1/cmr/m/n on input line 20.
LaTeX Font Info:    ... okay on input line 20.
LaTeX Font Info:    Checking defaults for OT1/cmr/m/n on input line 20.
LaTeX Font Info:    ... okay on input line 20.
LaTeX Font Info:    Checking defaults for OMS/cmsy/m/n on input line 20.
LaTeX Font Info:    ... okay on input line 20.
LaTeX Font Info:    Checking defaults for OMX/cmex/m/n on input line 20.
LaTeX Font Info:    ... okay on input line 20.
LaTeX Font Info:    Checking defaults for U/cmr/m/n on input line 20.
LaTeX Font Info:    ... okay on input line 20.
\projecttitle=\toks25
(/usr/local/texlive/2019/texmf-dist/tex/context/base/mkii/supp-pdf.mkii
[Loading MPS to PDF converter (version 2006.09.02).]
\scratchcounter=\count144
\scratchdimen=\dimen135
\scratchbox=\box58
\nofMPsegments=\count145
\nofMParguments=\count146
\everyMPshowfont=\toks26
\MPscratchCnt=\count147
\MPscratchDim=\dimen136
\MPnumerator=\count148
\makeMPintoPDFobject=\count149
\everyMPtoPDFconversion=\toks27
) (/usr/local/texlive/2019/texmf-dist/tex/latex/oberdiek/epstopdf-base.sty
Package: epstopdf-base 2016/05/15 v2.6 Base part for package epstopdf

(/usr/local/texlive/2019/texmf-dist/tex/generic/oberdiek/infwarerr.sty
Package: infwarerr 2016/05/16 v1.4 Providing info/warning/error messages (HO)
)
(/usr/local/texlive/2019/texmf-dist/tex/latex/oberdiek/grfext.sty
Package: grfext 2016/05/16 v1.2 Manage graphics extensions (HO)

(/usr/local/texlive/2019/texmf-dist/tex/generic/oberdiek/kvdefinekeys.sty
Package: kvdefinekeys 2016/05/16 v1.4 Define keys (HO)

(/usr/local/texlive/2019/texmf-dist/tex/generic/oberdiek/ltxcmds.sty
Package: ltxcmds 2016/05/16 v1.23 LaTeX kernel commands for general use (HO)
)))
(/usr/local/texlive/2019/texmf-dist/tex/latex/oberdiek/kvoptions.sty
Package: kvoptions 2016/05/16 v3.12 Key value format for package options (HO)

(/usr/local/texlive/2019/texmf-dist/tex/generic/oberdiek/kvsetkeys.sty
Package: kvsetkeys 2016/05/16 v1.17 Key value parser (HO)

(/usr/local/texlive/2019/texmf-dist/tex/generic/oberdiek/etexcmds.sty
Package: etexcmds 2016/05/16 v1.6 Avoid name clashes with e-TeX commands (HO)

(/usr/local/texlive/2019/texmf-dist/tex/generic/oberdiek/ifluatex.sty
Package: ifluatex 2016/05/16 v1.4 Provides the ifluatex switch (HO)
Package ifluatex Info: LuaTeX not detected.
))))
(/usr/local/texlive/2019/texmf-dist/tex/generic/oberdiek/pdftexcmds.sty
Package: pdftexcmds 2018/09/10 v0.29 Utility functions of pdfTeX for LuaTeX (HO
)

(/usr/local/texlive/2019/texmf-dist/tex/generic/oberdiek/ifpdf.sty
Package: ifpdf 2018/09/07 v3.3 Provides the ifpdf switch
)
Package pdftexcmds Info: LuaTeX not detected.
Package pdftexcmds Info: \pdf@primitive is available.
Package pdftexcmds Info: \pdf@ifprimitive is available.
Package pdftexcmds Info: \pdfdraftmode found.
)
Package epstopdf-base Info: Redefining graphics rule for `.eps' on input line 4
38.
Package grfext Info: Graphics extension search list:
(grfext)             [.pdf,.png,.jpg,.mps,.jpeg,.jbig2,.jb2,.PDF,.PNG,.JPG,.JPE
G,.JBIG2,.JB2,.eps]
(grfext)             \AppendGraphicsExtensions on input line 456.

(/usr/local/texlive/2019/texmf-dist/tex/latex/latexconfig/epstopdf-sys.cfg
File: epstopdf-sys.cfg 2010/07/13 v1.3 Configuration of (r)epstopdf for TeX Liv
e
))
Package crop Info: requested driver: `' on input line 20.
Package crop Info: detected driver: `pdftex' on input line 20.
Package crop Info: using `pdftex' graphics driver on input line 20.
LaTeX Font Info:    Try loading font information for U+msa on input line 22.

(/usr/local/texlive/2019/texmf-dist/tex/latex/amsfonts/umsa.fd
File: umsa.fd 2013/01/14 v3.01 AMS symbols A
)
LaTeX Font Info:    Try loading font information for U+msb on input line 22.

(/usr/local/texlive/2019/texmf-dist/tex/latex/amsfonts/umsb.fd
File: umsb.fd 2013/01/14 v3.01 AMS symbols B
) [1{/usr/local/texlive/2019/texmf-var/fonts/map/pdftex/updmap/pdftex.map}



] [2]

LaTeX Warning: Reference `ra_sec1' on page 3 undefined on input line 127.

[3] [4] [5] [6] [7] [8] [9]

LaTeX Warning: Citation `ams04' on page 10 undefined on input line 478.

[10] [11] [12]
<rv-fig1.pdf, id=63, 391.4625pt x 358.33875pt>
File: rv-fig1.pdf Graphic file (type pdf)
<use rv-fig1.pdf>
Package pdftex.def Info: rv-fig1.pdf  used on input line 666.
(pdftex.def)             Requested size: 108.12054pt x 98.96721pt.
 [13]
<rv-fig2a.pdf, id=68, 463.7325pt x 343.2825pt>
File: rv-fig2a.pdf Graphic file (type pdf)
<use rv-fig2a.pdf>
Package pdftex.def Info: rv-fig2a.pdf  used on input line 692.
(pdftex.def)             Requested size: 144.54pt x 106.9979pt.
<rv-fig2b.pdf, id=69, 161.60374pt x 114.4275pt>
File: rv-fig2b.pdf Graphic file (type pdf)
<use rv-fig2b.pdf>
Package pdftex.def Info: rv-fig2b.pdf  used on input line 692.
(pdftex.def)             Requested size: 144.54pt x 102.34998pt.


LaTeX Warning: Reference `ra_fig2a' on page 14 undefined on input line 696.


LaTeX Warning: Reference `ra_fig2b' on page 14 undefined on input line 696.

<rv-fig3.pdf, id=70, 585.18625pt x 370.38374pt>
File: rv-fig3.pdf Graphic file (type pdf)
<use rv-fig3.pdf>
Package pdftex.def Info: rv-fig3.pdf  used on input line 700.
(pdftex.def)             Requested size: 476.98244pt x 301.90811pt.
[14 <./rv-fig1.pdf> <./rv-fig2a.pdf> <./rv-fig2b.pdf>] [15 <./rv-fig3.pdf>]
File: rv-fig2a.pdf Graphic file (type pdf)
<use rv-fig2a.pdf>
Package pdftex.def Info: rv-fig2a.pdf  used on input line 725.
(pdftex.def)             Requested size: 144.54pt x 106.9979pt.
File: rv-fig2b.pdf Graphic file (type pdf)
<use rv-fig2b.pdf>
Package pdftex.def Info: rv-fig2b.pdf  used on input line 725.
(pdftex.def)             Requested size: 144.54pt x 102.34998pt.


LaTeX Warning: Reference `ra_fig4' on page 16 undefined on input line 728.


LaTeX Warning: Reference `ra_fig5' on page 16 undefined on input line 728.

[16]

LaTeX Warning: Reference `ra_eq1' on page 17 undefined on input line 766.


LaTeX Warning: Reference `ra_sec1' on page 17 undefined on input line 767.


LaTeX Warning: Reference `ra_ch1' on page 17 undefined on input line 768.


LaTeX Warning: Reference `ra_fig1' on page 17 undefined on input line 769.


LaTeX Warning: Reference `ra_tbl1' on page 17 undefined on input line 770.


LaTeX Warning: Reference `ra_eq1' on page 17 undefined on input line 772.


LaTeX Warning: Reference `ra_sec1' on page 17 undefined on input line 773.


LaTeX Warning: Reference `ra_ch1' on page 17 undefined on input line 774.


LaTeX Warning: Reference `ra_fig1' on page 17 undefined on input line 775.


LaTeX Warning: Reference `ra_tbl1' on page 17 undefined on input line 776.


LaTeX Warning: Citation `jarl88' on page 17 undefined on input line 806.

[17] [18]

LaTeX Warning: Reference `ra_secbib' on page 19 undefined on input line 871.

[19] [20]

LaTeX Warning: Citation `best03' on page 21 undefined on input line 969.


LaTeX Warning: Citation `pier02' on page 21 undefined on input line 969.


LaTeX Warning: Citation `weis94' on page 21 undefined on input line 971.


LaTeX Warning: Citation `gupt97' on page 21 undefined on input line 973.


LaTeX Warning: Citation `rich60' on page 21 undefined on input line 975.


LaTeX Warning: Citation `jarl88' on page 21 undefined on input line 975.


LaTeX Warning: Citation `chur90' on page 21 undefined on input line 977.


LaTeX Warning: Citation `benh93' on page 21 undefined on input line 979.


LaTeX Warning: Citation `bake72' on page 21 undefined on input line 981.


LaTeX Warning: Citation `hobb92' on page 21 undefined on input line 983.


LaTeX Warning: Citation `bria84' on page 21 undefined on input line 983.


LaTeX Warning: Citation `hear94' on page 21 undefined on input line 985.


LaTeX Warning: Citation `brow88' on page 21 undefined on input line 987.


LaTeX Warning: Citation `lodh74' on page 21 undefined on input line 989.


LaTeX Warning: Citation `dani73' on page 21 undefined on input line 991.


LaTeX Warning: Citation `davi93' on page 21 undefined on input line 993.

[21] [22] [23]
LaTeX Font Info:    Try loading font information for OMS+cmr on input line 1200
.
 (/usr/local/texlive/2019/texmf-dist/tex/latex/base/omscmr.fd
File: omscmr.fd 2014/09/29 v2.5h Standard LaTeX font definitions
)
LaTeX Font Info:    Font shape `OMS/cmr/m/n' in size <8> not available
(Font)              Font shape `OMS/cmsy/m/n' tried instead on input line 1200.



LaTeX Warning: Reference `ra_theo' on page 24 undefined on input line 1200.


LaTeX Warning: Reference `ra_appeq1' on page 24 undefined on input line 1207.


LaTeX Warning: Reference `ra_appeq2' on page 24 undefined on input line 1207.

[24] [25]
No file ws-rv9x6.bbl.
[26] (./ws-rv9x6.aux)

LaTeX Warning: There were undefined references.


LaTeX Warning: Label(s) may have changed. Rerun to get cross-references right.

 ) 
Here is how much of TeX's memory you used:
 3623 strings out of 492616
 47198 string characters out of 6129482
 131989 words of memory out of 5000000
 7457 multiletter control sequences out of 15000+600000
 12313 words of font info for 48 fonts, out of 8000000 for 9000
 1141 hyphenation exceptions out of 8191
 41i,15n,27p,565b,348s stack positions out of 5000i,500n,10000p,200000b,80000s
</usr/local/texlive/2019/texmf-dist/fonts/type1/public/amsfonts/cm/cmbx10.pfb
></usr/local/texlive/2019/texmf-dist/fonts/type1/public/amsfonts/cm/cmbx6.pfb><
/usr/local/texlive/2019/texmf-dist/fonts/type1/public/amsfonts/cm/cmbx7.pfb></u
sr/local/texlive/2019/texmf-dist/fonts/type1/public/amsfonts/cm/cmbx8.pfb></usr
/local/texlive/2019/texmf-dist/fonts/type1/public/amsfonts/cm/cmbxti10.pfb></us
r/local/texlive/2019/texmf-dist/fonts/type1/public/amsfonts/cm/cmex10.pfb></usr
/local/texlive/2019/texmf-dist/fonts/type1/public/amsfonts/cm/cmmi10.pfb></usr/
local/texlive/2019/texmf-dist/fonts/type1/public/amsfonts/cm/cmmi7.pfb></usr/lo
cal/texlive/2019/texmf-dist/fonts/type1/public/amsfonts/cm/cmmi8.pfb></usr/loca
l/texlive/2019/texmf-dist/fonts/type1/public/amsfonts/cm/cmr10.pfb></usr/local/
texlive/2019/texmf-dist/fonts/type1/public/amsfonts/cm/cmr6.pfb></usr/local/tex
live/2019/texmf-dist/fonts/type1/public/amsfonts/cm/cmr7.pfb></usr/local/texliv
e/2019/texmf-dist/fonts/type1/public/amsfonts/cm/cmr8.pfb></usr/local/texlive/2
019/texmf-dist/fonts/type1/public/amsfonts/cm/cmr9.pfb></usr/local/texlive/2019
/texmf-dist/fonts/type1/public/amsfonts/cm/cmss8.pfb></usr/local/texlive/2019/t
exmf-dist/fonts/type1/public/amsfonts/cm/cmsy10.pfb></usr/local/texlive/2019/te
xmf-dist/fonts/type1/public/amsfonts/cm/cmsy6.pfb></usr/local/texlive/2019/texm
f-dist/fonts/type1/public/amsfonts/cm/cmsy7.pfb></usr/local/texlive/2019/texmf-
dist/fonts/type1/public/amsfonts/cm/cmsy8.pfb></usr/local/texlive/2019/texmf-di
st/fonts/type1/public/amsfonts/cm/cmti10.pfb></usr/local/texlive/2019/texmf-dis
t/fonts/type1/public/amsfonts/cm/cmti8.pfb></usr/local/texlive/2019/texmf-dist/
fonts/type1/public/amsfonts/cm/cmtt10.pfb></usr/local/texlive/2019/texmf-dist/f
onts/type1/public/amsfonts/cm/cmtt8.pfb></usr/local/texlive/2019/texmf-dist/fon
ts/type1/public/amsfonts/cm/cmtt9.pfb></usr/local/texlive/2019/texmf-dist/fonts
/type1/public/amsfonts/symbols/msam10.pfb>
Output written on ws-rv9x6.pdf (26 pages, 369821 bytes).
PDF statistics:
 233 PDF objects out of 1000 (max. 8388607)
 162 compressed objects within 2 object streams
 0 named destinations out of 1000 (max. 500000)
 21 words of extra memory for PDF output out of 10000 (max. 10000000)

